<?xml version="1.0" encoding="UTF-8"?>
<!-- Generated by org.testng.reporters.JUnitXMLReporter -->
<testsuite hostname="VSI-LAP-45" name="IE Test" tests="1" failures="1" timestamp="10 Jan 2017 11:49:06 GMT" time="18.997" errors="0">
  <testcase name="Add_Application" time="0.064" classname="RACFtoAD.Applications">
    <failure type="java.lang.NullPointerException">
      <![CDATA[java.lang.NullPointerException
	at RACFtoAD.Helper.CreateWebElement(Helper.java:192)
	at RACFtoAD.Helper.NavigateTo(Helper.java:107)
	at RACFtoAD.Helper.AddApplication(Helper.java:864)
	at RACFtoAD.Applications.Add_Application(Applications.java:22)
... Removed 24 stack frames]]>
    </failure>
  </testcase> <!-- Add_Application -->
</testsuite> <!-- IE Test -->
