<?xml version="1.0" encoding="UTF-8"?>
<testng-results skipped="0" failed="0" total="1" passed="1">
  <reporter-output>
  </reporter-output>
  <suite name="Default suite" duration-ms="51" started-at="2016-08-12T07:57:33Z" finished-at="2016-08-12T07:57:33Z">
    <groups>
    </groups>
    <test name="Default test" duration-ms="51" started-at="2016-08-12T07:57:33Z" finished-at="2016-08-12T07:57:33Z">
      <class name="pack.NewTest">
        <test-method status="PASS" signature="beforeMethod()[pri:0, instance:pack.NewTest@4de8b406]" name="beforeMethod" is-config="true" duration-ms="7" started-at="2016-08-12T13:27:33Z" finished-at="2016-08-12T13:27:33Z">
          <reporter-output>
          </reporter-output>
        </test-method> <!-- beforeMethod -->
        <test-method status="PASS" signature="f()[pri:0, instance:pack.NewTest@4de8b406]" name="f" duration-ms="7" started-at="2016-08-12T13:27:33Z" finished-at="2016-08-12T13:27:33Z">
          <reporter-output>
          </reporter-output>
        </test-method> <!-- f -->
        <test-method status="PASS" signature="afterMethod()[pri:0, instance:pack.NewTest@4de8b406]" name="afterMethod" is-config="true" duration-ms="0" started-at="2016-08-12T13:27:33Z" finished-at="2016-08-12T13:27:33Z">
          <reporter-output>
          </reporter-output>
        </test-method> <!-- afterMethod -->
      </class> <!-- pack.NewTest -->
    </test> <!-- Default test -->
  </suite> <!-- Default suite -->
</testng-results>
